#
# There is insufficient memory for the Java Runtime Environment to continue.
# Native memory allocation (mmap) failed to map 134217728 bytes for Failed to commit area from 0x00000000c4a00000 to 0x00000000cca00000 of length 134217728.
# Possible reasons:
#   The system is out of physical RAM or swap space
#   The process is running with CompressedOops enabled, and the Java Heap may be blocking the growth of the native heap
# Possible solutions:
#   Reduce memory load on the system
#   Increase physical memory or swap space
#   Check if swap backing store is full
#   Decrease Java heap size (-Xmx/-Xms)
#   Decrease number of Java threads
#   Decrease Java thread stack sizes (-Xss)
#   Set larger code cache with -XX:ReservedCodeCacheSize=
# This output file may be truncated or incomplete.
#
#  Out of Memory Error (./src/hotspot/os/windows/os_windows.cpp:3521), pid=12008, tid=5256
#
# JRE version:  (11.0.13+8) (build )
# Java VM: OpenJDK 64-Bit Server VM (11.0.13+8-b1504.49, mixed mode, sharing, tiered, compressed oops, g1 gc, windows-amd64)
# No core dump will be written. Minidumps are not enabled by default on client versions of Windows
#

---------------  S U M M A R Y ------------

Command Line: -Djava.rmi.server.hostname=127.0.0.1 -Duser.timezone=UTC -Xmx949m -Xms128m -Dfile.encoding=UTF-8 com.intellij.database.remote.RemoteJdbcServer com.mysql.cj.jdbc.Driver

Host: AMD Ryzen 3 4300U with Radeon Graphics         , 4 cores, 7G,  Windows 10 , 64 bit Build 22621 (10.0.22621.963)
Time: Wed Dec 28 14:37:13 2022 SE Asia Standard Time elapsed time: 0.021949 seconds (0d 0h 0m 0s)

---------------  T H R E A D  ---------------

Current thread (0x0000018390966800):  JavaThread "Unknown thread" [_thread_in_vm, id=5256, stack(0x0000004733500000,0x0000004733600000)]

Stack: [0x0000004733500000,0x0000004733600000]
Native frames: (J=compiled Java code, j=interpreted, Vv=VM code, C=native code)
V  [jvm.dll+0x6131fa]
V  [jvm.dll+0x798f40]
V  [jvm.dll+0x79a55d]
V  [jvm.dll+0x79ac33]
V  [jvm.dll+0x24c038]
V  [jvm.dll+0x610514]
V  [jvm.dll+0x605105]
V  [jvm.dll+0x30a53b]
V  [jvm.dll+0x30a4aa]
V  [jvm.dll+0x30a382]
V  [jvm.dll+0x30f2e6]
V  [jvm.dll+0x358953]
V  [jvm.dll+0x359056]
V  [jvm.dll+0x358a53]
V  [jvm.dll+0x2e4f08]
V  [jvm.dll+0x2e60a7]
V  [jvm.dll+0x776017]
V  [jvm.dll+0x77780c]
V  [jvm.dll+0x365f19]
V  [jvm.dll+0x759c6e]
V  [jvm.dll+0x3d3fd3]
V  [jvm.dll+0x3d6571]
C  [jli.dll+0x536b]
C  [ucrtbase.dll+0x29363]
C  [KERNEL32.DLL+0x126bd]
C  [ntdll.dll+0x5dfb8]


---------------  P R O C E S S  ---------------

Threads class SMR info:
_java_thread_list=0x00000183907f3f70, length=0, elements={
}

Java Threads: ( => current thread )

Other Threads:
  0x000001839097f800 GCTaskThread "GC Thread#0" [stack: 0x0000004733600000,0x0000004733700000] [id=11444]
  0x000001839099a000 ConcurrentGCThread "G1 Main Marker" [stack: 0x0000004733700000,0x0000004733800000] [id=5288]
  0x000001839099c000 ConcurrentGCThread "G1 Conc#0" [stack: 0x0000004733800000,0x0000004733900000] [id=15868]

[error occurred during error reporting (printing all threads), id 0xc0000005, EXCEPTION_ACCESS_VIOLATION (0xc0000005) at pc=0x00007ffb12205547]

VM state:not at safepoint (not fully initialized)

VM Mutex/Monitor currently owned by a thread:  ([mutex/lock_event])
[0x0000018390964170] Heap_lock - owner thread: 0x0000018390966800

Heap address: 0x00000000c4a00000, size: 950 MB, Compressed Oops mode: Non-zero based: 0x00000000c4a00000
Narrow klass base: 0x0000000000000000, Narrow klass shift: 0

GC Heap History (0 events):
No events

Deoptimization events (0 events):
No events

Classes redefined (0 events):
No events

Internal exceptions (0 events):
No events

Events (1 events):
Event: 0.017 Loaded shared library C:\Program Files\JetBrains\IntelliJ IDEA 2021.2.4\jbr\bin\zip.dll


Dynamic libraries:
0x00007ff6a0b30000 - 0x00007ff6a0b3a000 	C:\Program Files\JetBrains\IntelliJ IDEA 2021.2.4\jbr\bin\java.exe
0x00007ffb76930000 - 0x00007ffb76b44000 	C:\WINDOWS\SYSTEM32\ntdll.dll
0x00007ffb75cf0000 - 0x00007ffb75db3000 	C:\WINDOWS\System32\KERNEL32.DLL
0x00007ffb74350000 - 0x00007ffb746ed000 	C:\WINDOWS\System32\KERNELBASE.dll
0x00007ffb741c0000 - 0x00007ffb742d1000 	C:\WINDOWS\System32\ucrtbase.dll
0x00007ffb605c0000 - 0x00007ffb605d7000 	C:\Program Files\JetBrains\IntelliJ IDEA 2021.2.4\jbr\bin\VCRUNTIME140.dll
0x00007ffb605a0000 - 0x00007ffb605b9000 	C:\Program Files\JetBrains\IntelliJ IDEA 2021.2.4\jbr\bin\jli.dll
0x00007ffb749b0000 - 0x00007ffb74b5d000 	C:\WINDOWS\System32\USER32.dll
0x00007ffb746f0000 - 0x00007ffb74716000 	C:\WINDOWS\System32\win32u.dll
0x00007ffb69670000 - 0x00007ffb698fe000 	C:\WINDOWS\WinSxS\amd64_microsoft.windows.common-controls_6595b64144ccf1df_6.0.22621.608_none_a9444ca7c10bb01d\COMCTL32.dll
0x00007ffb758b0000 - 0x00007ffb758d9000 	C:\WINDOWS\System32\GDI32.dll
0x00007ffb75510000 - 0x00007ffb755b7000 	C:\WINDOWS\System32\msvcrt.dll
0x00007ffb73fe0000 - 0x00007ffb740f2000 	C:\WINDOWS\System32\gdi32full.dll
0x00007ffb73d50000 - 0x00007ffb73dea000 	C:\WINDOWS\System32\msvcp_win.dll
0x00007ffb74800000 - 0x00007ffb74832000 	C:\WINDOWS\System32\IMM32.DLL
0x00007ffb58a90000 - 0x00007ffb58b2d000 	C:\Program Files\JetBrains\IntelliJ IDEA 2021.2.4\jbr\bin\msvcp140.dll
0x00007ffb11f10000 - 0x00007ffb12a85000 	C:\Program Files\JetBrains\IntelliJ IDEA 2021.2.4\jbr\bin\server\jvm.dll
0x00007ffb75a60000 - 0x00007ffb75b0e000 	C:\WINDOWS\System32\ADVAPI32.dll
0x00007ffb75f30000 - 0x00007ffb75fd4000 	C:\WINDOWS\System32\sechost.dll
0x00007ffb767d0000 - 0x00007ffb768e5000 	C:\WINDOWS\System32\RPCRT4.dll
0x00007ffb755e0000 - 0x00007ffb755e8000 	C:\WINDOWS\System32\PSAPI.DLL
0x00007ffb6f390000 - 0x00007ffb6f399000 	C:\WINDOWS\SYSTEM32\WSOCK32.dll
0x00007ffb75830000 - 0x00007ffb758a1000 	C:\WINDOWS\System32\WS2_32.dll
0x00007ffb6de20000 - 0x00007ffb6de54000 	C:\WINDOWS\SYSTEM32\WINMM.dll
0x00007ffb6c830000 - 0x00007ffb6c83a000 	C:\WINDOWS\SYSTEM32\VERSION.dll
0x00007ffb72ea0000 - 0x00007ffb72eb8000 	C:\WINDOWS\SYSTEM32\kernel.appcore.dll
0x00007ffb6f110000 - 0x00007ffb6f121000 	C:\Program Files\JetBrains\IntelliJ IDEA 2021.2.4\jbr\bin\verify.dll
0x00007ffb6aea0000 - 0x00007ffb6b0ce000 	C:\WINDOWS\SYSTEM32\DBGHELP.DLL
0x00007ffb74b60000 - 0x00007ffb74eea000 	C:\WINDOWS\System32\combase.dll
0x00007ffb74720000 - 0x00007ffb747f7000 	C:\WINDOWS\System32\OLEAUT32.dll
0x00007ffb5e0f0000 - 0x00007ffb5e122000 	C:\WINDOWS\SYSTEM32\dbgcore.DLL
0x00007ffb73f60000 - 0x00007ffb73fdb000 	C:\WINDOWS\System32\bcryptPrimitives.dll
0x00007ffb6f0a0000 - 0x00007ffb6f0c9000 	C:\Program Files\JetBrains\IntelliJ IDEA 2021.2.4\jbr\bin\java.dll
0x00007ffb6f100000 - 0x00007ffb6f10b000 	C:\Program Files\JetBrains\IntelliJ IDEA 2021.2.4\jbr\bin\jimage.dll
0x00007ffb6efa0000 - 0x00007ffb6efb8000 	C:\Program Files\JetBrains\IntelliJ IDEA 2021.2.4\jbr\bin\zip.dll

dbghelp: loaded successfully - version: 4.0.5 - missing functions: none
symbol engine: initialized successfully - sym options: 0x614 - pdb path: .;C:\Program Files\JetBrains\IntelliJ IDEA 2021.2.4\jbr\bin;C:\WINDOWS\SYSTEM32;C:\WINDOWS\WinSxS\amd64_microsoft.windows.common-controls_6595b64144ccf1df_6.0.22621.608_none_a9444ca7c10bb01d;C:\Program Files\JetBrains\IntelliJ IDEA 2021.2.4\jbr\bin\server

VM Arguments:
jvm_args: -Djava.rmi.server.hostname=127.0.0.1 -Duser.timezone=UTC -Xmx949m -Xms128m -Dfile.encoding=UTF-8 
java_command: com.intellij.database.remote.RemoteJdbcServer com.mysql.cj.jdbc.Driver
java_class_path (initial): C:\Program Files\JetBrains\IntelliJ IDEA 2021.2.4\lib\util.jar;C:\Program Files\JetBrains\IntelliJ IDEA 2021.2.4\lib\groovy-2.5.14.jar;C:\Program Files\JetBrains\IntelliJ IDEA 2021.2.4\plugins\DatabaseTools\lib\jdbc-console.jar;C:\Users\admin\AppData\Roaming\JetBrains\IntelliJIdea2021.2\jdbc-drivers\MySQL ConnectorJ\8.0.25\mysql-connector-java-8.0.25.jar
Launcher Type: SUN_STANDARD

[Global flags]
     intx CICompilerCount                          = 3                                         {product} {ergonomic}
     uint ConcGCThreads                            = 1                                         {product} {ergonomic}
     uint G1ConcRefinementThreads                  = 4                                         {product} {ergonomic}
   size_t G1HeapRegionSize                         = 1048576                                   {product} {ergonomic}
    uintx GCDrainStackTargetSize                   = 64                                        {product} {ergonomic}
   size_t InitialHeapSize                          = 134217728                                 {product} {command line}
   size_t MarkStackSize                            = 4194304                                   {product} {ergonomic}
   size_t MaxHeapSize                              = 996147200                                 {product} {command line, ergonomic}
   size_t MinHeapDeltaBytes                        = 1048576                                   {product} {ergonomic}
    uintx NonNMethodCodeHeapSize                   = 5830732                                {pd product} {ergonomic}
    uintx NonProfiledCodeHeapSize                  = 122913754                              {pd product} {ergonomic}
    uintx ProfiledCodeHeapSize                     = 122913754                              {pd product} {ergonomic}
    uintx ReservedCodeCacheSize                    = 251658240                              {pd product} {ergonomic}
     bool SegmentedCodeCache                       = true                                      {product} {ergonomic}
     bool UseCompressedClassPointers               = true                                 {lp64_product} {ergonomic}
     bool UseCompressedOops                        = true                                 {lp64_product} {ergonomic}
     bool UseG1GC                                  = true                                      {product} {ergonomic}
     bool UseLargePagesIndividualAllocation        = false                                  {pd product} {ergonomic}

Logging:
Log output configuration:
 #0: stdout all=warning uptime,level,tags
 #1: stderr all=off uptime,level,tags

Environment Variables:
PATH=C:\Program Files (x86)\Common Files\Oracle\Java\javapath;C:\WINDOWS\system32;C:\WINDOWS;C:\WINDOWS\System32\Wbem;C:\WINDOWS\System32\WindowsPowerShell\v1.0\;C:\WINDOWS\System32\OpenSSH\;C:\Program Files\Git\cmd;C:\Users\admin\AppData\Local\Programs\Python\Python37\Scripts\;C:\Users\admin\AppData\Local\Programs\Python\Python37\;C:\Users\admin\AppData\Local\Microsoft\WindowsApps;;C:\Users\admin\AppData\Local\Programs\Microsoft VS Code\bin
USERNAME=admin
OS=Windows_NT
PROCESSOR_IDENTIFIER=AMD64 Family 23 Model 96 Stepping 1, AuthenticAMD



---------------  S Y S T E M  ---------------

OS: Windows 10 , 64 bit Build 22621 (10.0.22621.963)
OS uptime: 0 days 23:27 hours

CPU:total 4 (initial active 4) (4 cores per cpu, 1 threads per core) family 23 model 96 stepping 1 microcode 0x0, cmov, cx8, fxsr, mmx, sse, sse2, sse3, ssse3, sse4.1, sse4.2, popcnt, avx, avx2, aes, clmul, mmxext, 3dnowpref, lzcnt, sse4a, tsc, tscinvbit, tscinv, bmi1, bmi2, adx, sha, fma

Memory: 4k page, system-wide physical 7599M (455M free)
TotalPageFile size 11695M (AvailPageFile size 76M)
current process WorkingSet (physical memory assigned to process): 10M, peak: 10M
current process commit charge ("private bytes"): 51M, peak: 179M

vm_info: OpenJDK 64-Bit Server VM (11.0.13+8-b1504.49) for windows-amd64 JRE (11.0.13+8-b1504.49), built on Nov  5 2021 09:56:39 by "" with MS VC++ 14.0 (VS2015)

END.
