#
# There is insufficient memory for the Java Runtime Environment to continue.
# Native memory allocation (malloc) failed to allocate 480104 bytes for AllocateHeap
# Possible reasons:
#   The system is out of physical RAM or swap space
#   The process is running with CompressedOops enabled, and the Java Heap may be blocking the growth of the native heap
# Possible solutions:
#   Reduce memory load on the system
#   Increase physical memory or swap space
#   Check if swap backing store is full
#   Decrease Java heap size (-Xmx/-Xms)
#   Decrease number of Java threads
#   Decrease Java thread stack sizes (-Xss)
#   Set larger code cache with -XX:ReservedCodeCacheSize=
#   JVM is running with Unscaled Compressed Oops mode in which the Java heap is
#     placed in the first 4GB address space. The Java Heap base address is the
#     maximum limit for the native heap growth. Please use -XX:HeapBaseMinAddress
#     to set the Java Heap base and to place the Java Heap above 4GB virtual address.
# This output file may be truncated or incomplete.
#
#  Out of Memory Error (memory/allocation.inline.hpp:61), pid=480, tid=0x0000000000001a54
#
# JRE version:  (8.0_241-b07) (build )
# Java VM: Java HotSpot(TM) 64-Bit Server VM (25.241-b07 mixed mode windows-amd64 compressed oops)
# Failed to write core dump. Minidumps are not enabled by default on client versions of Windows
#

---------------  T H R E A D  ---------------

Current thread (0x0000000002ed2800):  JavaThread "Unknown thread" [_thread_in_vm, id=6740, stack(0x0000000002d40000,0x0000000002e40000)]

Stack: [0x0000000002d40000,0x0000000002e40000]
[error occurred during error reporting (printing stack bounds), id 0xc0000005]

Native frames: (J=compiled Java code, j=interpreted, Vv=VM code, C=native code)


---------------  P R O C E S S  ---------------

Java Threads: ( => current thread )

Other Threads:

=>0x0000000002ed2800 (exited) JavaThread "Unknown thread" [_thread_in_vm, id=6740, stack(0x0000000002d40000,0x0000000002e40000)]

VM state:not at safepoint (not fully initialized)

VM Mutex/Monitor currently owned by a thread: None

heap address: 0x0000000089400000, size: 1900 MB, Compressed Oops mode: 32-bit
Narrow klass base: 0x0000000000000000, Narrow klass shift: 3
Compressed class space size: 1073741824 Address: 0x0000000100000000

GC Heap History (0 events):
No events

Deoptimization events (0 events):
No events

Classes redefined (0 events):
No events

Internal exceptions (0 events):
No events

Events (0 events):
No events


Dynamic libraries:
0x00007ff650130000 - 0x00007ff650167000 	C:\Program Files\Java\jdk1.8.0_241\bin\java.exe
0x00007ffdf9330000 - 0x00007ffdf9544000 	C:\WINDOWS\SYSTEM32\ntdll.dll
0x00007ffdf89d0000 - 0x00007ffdf8a93000 	C:\WINDOWS\System32\KERNEL32.DLL
0x00007ffdf6ba0000 - 0x00007ffdf6f3d000 	C:\WINDOWS\System32\KERNELBASE.dll
0x00007ffdf7e40000 - 0x00007ffdf7eee000 	C:\WINDOWS\System32\ADVAPI32.dll
0x00007ffdf74b0000 - 0x00007ffdf7557000 	C:\WINDOWS\System32\msvcrt.dll
0x00007ffdf8f40000 - 0x00007ffdf8fe4000 	C:\WINDOWS\System32\sechost.dll
0x00007ffdf8ff0000 - 0x00007ffdf9105000 	C:\WINDOWS\System32\RPCRT4.dll
0x00007ffdf8aa0000 - 0x00007ffdf8c4d000 	C:\WINDOWS\System32\USER32.dll
0x00007ffdf67c0000 - 0x00007ffdf67e6000 	C:\WINDOWS\System32\win32u.dll
0x00007ffdf7f00000 - 0x00007ffdf7f29000 	C:\WINDOWS\System32\GDI32.dll
0x00007ffdf6a00000 - 0x00007ffdf6b12000 	C:\WINDOWS\System32\gdi32full.dll
0x00007ffdf6960000 - 0x00007ffdf69fa000 	C:\WINDOWS\System32\msvcp_win.dll
0x00007ffdf7000000 - 0x00007ffdf7111000 	C:\WINDOWS\System32\ucrtbase.dll
0x00007ffde4310000 - 0x00007ffde459e000 	C:\WINDOWS\WinSxS\amd64_microsoft.windows.common-controls_6595b64144ccf1df_6.0.22621.608_none_a9444ca7c10bb01d\COMCTL32.dll
0x00007ffdf8ef0000 - 0x00007ffdf8f22000 	C:\WINDOWS\System32\IMM32.DLL
0x0000000053e60000 - 0x0000000053f32000 	C:\Program Files\Java\jdk1.8.0_241\jre\bin\msvcr100.dll
0x00000000535b0000 - 0x0000000053e5c000 	C:\Program Files\Java\jdk1.8.0_241\jre\bin\server\jvm.dll
0x00007ffdf8f30000 - 0x00007ffdf8f38000 	C:\WINDOWS\System32\PSAPI.DLL
0x00007ffde86d0000 - 0x00007ffde86d9000 	C:\WINDOWS\SYSTEM32\WSOCK32.dll
0x00007ffdef710000 - 0x00007ffdef744000 	C:\WINDOWS\SYSTEM32\WINMM.dll
0x00007ffdf8d50000 - 0x00007ffdf8dc1000 	C:\WINDOWS\System32\WS2_32.dll
0x00007ffdeec30000 - 0x00007ffdeec3a000 	C:\WINDOWS\SYSTEM32\VERSION.dll
0x00007ffdf2200000 - 0x00007ffdf220f000 	C:\Program Files\Java\jdk1.8.0_241\jre\bin\verify.dll
0x00007ffde9040000 - 0x00007ffde9069000 	C:\Program Files\Java\jdk1.8.0_241\jre\bin\java.dll
0x00007ffde3ad0000 - 0x00007ffde3af3000 	C:\Program Files\Java\jdk1.8.0_241\jre\bin\instrument.dll
0x00007ffdf1220000 - 0x00007ffdf1236000 	C:\Program Files\Java\jdk1.8.0_241\jre\bin\zip.dll

VM Arguments:
jvm_args: -XX:TieredStopAtLevel=1 -Xverify:none -Dspring.output.ansi.enabled=always -javaagent:C:\Program Files\JetBrains\IntelliJ IDEA 2021.2.4\lib\idea_rt.jar=60146:C:\Program Files\JetBrains\IntelliJ IDEA 2021.2.4\bin -Dcom.sun.management.jmxremote -Dspring.jmx.enabled=true -Dspring.liveBeansView.mbeanDomain -Dspring.application.admin.enabled=true -Dfile.encoding=UTF-8 
java_command: com.CaseStudyMdl4Application
java_class_path (initial): C:\Program Files\Java\jdk1.8.0_241\jre\lib\charsets.jar;C:\Program Files\Java\jdk1.8.0_241\jre\lib\deploy.jar;C:\Program Files\Java\jdk1.8.0_241\jre\lib\ext\access-bridge-64.jar;C:\Program Files\Java\jdk1.8.0_241\jre\lib\ext\cldrdata.jar;C:\Program Files\Java\jdk1.8.0_241\jre\lib\ext\dnsns.jar;C:\Program Files\Java\jdk1.8.0_241\jre\lib\ext\jaccess.jar;C:\Program Files\Java\jdk1.8.0_241\jre\lib\ext\jfxrt.jar;C:\Program Files\Java\jdk1.8.0_241\jre\lib\ext\localedata.jar;C:\Program Files\Java\jdk1.8.0_241\jre\lib\ext\nashorn.jar;C:\Program Files\Java\jdk1.8.0_241\jre\lib\ext\sunec.jar;C:\Program Files\Java\jdk1.8.0_241\jre\lib\ext\sunjce_provider.jar;C:\Program Files\Java\jdk1.8.0_241\jre\lib\ext\sunmscapi.jar;C:\Program Files\Java\jdk1.8.0_241\jre\lib\ext\sunpkcs11.jar;C:\Program Files\Java\jdk1.8.0_241\jre\lib\ext\zipfs.jar;C:\Program Files\Java\jdk1.8.0_241\jre\lib\javaws.jar;C:\Program Files\Java\jdk1.8.0_241\jre\lib\jce.jar;C:\Program Files\Java\jdk1.8.0_241\jre\lib\jfr.jar;C:\Program Files\Java\jdk1.8.0_241\jre\lib\jfxswt.jar;C:\Program Files\Java\jdk1.8.0_241\jre\lib\jsse.jar;C:\Program Files\Java\jdk1.8.0_241\jre\lib\management-agent.jar;C:\Program Files\Java\jdk1.8.0_241\jre\lib\plugin.jar;C:\Program Files\Java\jdk1.8.0_241\jre\lib\resources.jar;C:\Program Files\Java\jdk1.8.0_241\jre\lib\rt.jar;D:\codegym\C0822G1--Ho-thi-nuong\module_4\case_study_mdl4\build\classes\java\main;D:\codegym\C0822G1--Ho-thi-nuong\module_4\case_study_mdl4\build\resources\main;C:\Users\admin\.gradle\caches\modules-2\files-2.1\org.springframework.boot\spring-boot-starter-data-jpa\2.7.7\bc28a10c4fc39f01e9233db84f132eb4b8c53390\spring-boot-starter-data-jpa-2.7.7.jar;C:\Users\admin\.gradle\caches\modules-2\files-2.1\org.springframework.boot\spring-boot-starter-thymeleaf\2.7.7\5d80dd18f2f1945e3dc568fa30ac106e329a4bde\spring-boot-starter-thymeleaf-2.7.7.jar;C:\Users\admin\.gradle\caches\modules-2\files-2.1\org.springframework.boot\spring-boot-starter-web\2.7.7\b
Launcher Type: SUN_STANDARD

Environment Variables:
PATH=C:\Program Files (x86)\Common Files\Oracle\Java\javapath;C:\WINDOWS\system32;C:\WINDOWS;C:\WINDOWS\System32\Wbem;C:\WINDOWS\System32\WindowsPowerShell\v1.0\;C:\WINDOWS\System32\OpenSSH\;C:\Program Files\Git\cmd;C:\Users\admin\AppData\Local\Programs\Python\Python37\Scripts\;C:\Users\admin\AppData\Local\Programs\Python\Python37\;C:\Users\admin\AppData\Local\Microsoft\WindowsApps;;C:\Users\admin\AppData\Local\Programs\Microsoft VS Code\bin
USERNAME=admin
OS=Windows_NT
PROCESSOR_IDENTIFIER=AMD64 Family 23 Model 96 Stepping 1, AuthenticAMD



---------------  S Y S T E M  ---------------

OS: Windows 10.0 , 64 bit Build 22621 (10.0.22621.963)

CPU:total 4 (initial active 4) (4 cores per cpu, 1 threads per core) family 23 model 96 stepping 1, cmov, cx8, fxsr, mmx, sse, sse2, sse3, ssse3, sse4.1, sse4.2, popcnt, avx, avx2, aes, clmul, mmxext, 3dnowpref, lzcnt, sse4a, tsc, tscinvbit, tscinv, bmi1

Memory: 4k page, physical 7781956k(511824k free), swap 11976260k(5576k free)

vm_info: Java HotSpot(TM) 64-Bit Server VM (25.241-b07) for windows-amd64 JRE (1.8.0_241-b07), built on Dec 11 2019 10:21:40 by "rejava" with MS VC++ 10.0 (VS2010)

time: Wed Jan 04 20:53:08 2023
timezone: SE Asia Standard Time
elapsed time: 0 seconds (0d 0h 0m 0s)

